Base path: /Applications/Unity/Hub/Editor/2018.1.3f1/Unity.app/Contents
Cmd: initializeCompiler
Cmd: compileComputeKernel
  api=14 insize=13402 outsize=21453 ok=1
Cmd: compileComputeKernel
  api=14 insize=13402 outsize=30681 ok=1
Cmd: compileComputeKernel
  api=14 insize=13402 outsize=34693 ok=1
Cmd: compileComputeKernel
  api=14 insize=13402 outsize=34757 ok=1
Cmd: compileComputeKernel
  api=14 insize=13402 outsize=25337 ok=1
Cmd: compileComputeKernel
  api=14 insize=13402 outsize=34373 ok=1
Cmd: compileComputeKernel
  api=14 insize=13402 outsize=32973 ok=1
Cmd: compileComputeKernel
  api=14 insize=13402 outsize=33153 ok=1
Cmd: compileComputeKernel
  api=14 insize=13402 outsize=25677 ok=1
Cmd: compileComputeKernel
  api=14 insize=13402 outsize=24489 ok=1
Cmd: compileComputeKernel
  api=14 insize=13402 outsize=52585 ok=1
Cmd: translateComputeKernel
  api=14 insize=76265 outsize=154901 ok=1
Cmd: translateComputeKernel
  api=14 insize=76861 outsize=165153 ok=1
Cmd: compileComputeKernel
  api=14 insize=19973 outsize=16657 ok=1
Cmd: translateComputeKernel
  api=14 insize=18101 outsize=35301 ok=1
Cmd: compileComputeKernel
  api=14 insize=2134 outsize=781 ok=1
Cmd: translateComputeKernel
  api=14 insize=2057 outsize=2661 ok=1
Cmd: compileComputeKernel
  api=14 insize=5188 outsize=5117 ok=1
Cmd: compileComputeKernel
  api=14 insize=9421 outsize=9573 ok=1
Cmd: translateComputeKernel
  api=14 insize=1485 outsize=1645 ok=1
Cmd: translateComputeKernel
  api=14 insize=16349 outsize=33305 ok=1
Cmd: translateComputeKernel
  api=14 insize=6977 outsize=13481 ok=1
Cmd: translateComputeKernel
  api=14 insize=481 outsize=289 ok=1
Cmd: translateComputeKernel
  api=14 insize=1997 outsize=3609 ok=1
Cmd: translateComputeKernel
  api=14 insize=2073 outsize=3413 ok=1
Cmd: compileComputeKernel
  api=14 insize=15322 outsize=6449 ok=1
Cmd: compileComputeKernel
  api=14 insize=15322 outsize=7049 ok=1
Cmd: compileComputeKernel
  api=14 insize=15322 outsize=8753 ok=1
Cmd: compileComputeKernel
  api=14 insize=15322 outsize=8957 ok=1
Cmd: compileComputeKernel
  api=14 insize=15322 outsize=7517 ok=1
Cmd: compileComputeKernel
  api=14 insize=15322 outsize=8985 ok=1
Cmd: compileComputeKernel
  api=14 insize=15322 outsize=9697 ok=1
Cmd: compileComputeKernel
  api=14 insize=15322 outsize=9901 ok=1
Cmd: translateComputeKernel
  api=14 insize=6141 outsize=10993 ok=1
Cmd: translateComputeKernel
  api=14 insize=6705 outsize=11737 ok=1
Cmd: translateComputeKernel
  api=14 insize=8261 outsize=14889 ok=1
Cmd: translateComputeKernel
  api=14 insize=8505 outsize=15841 ok=1
Cmd: translateComputeKernel
  api=14 insize=7593 outsize=14161 ok=1
Cmd: translateComputeKernel
  api=14 insize=8157 outsize=14949 ok=1
Cmd: translateComputeKernel
  api=14 insize=9733 outsize=18193 ok=1
Cmd: translateComputeKernel
  api=14 insize=9977 outsize=19209 ok=1
Cmd: compileComputeKernel
  api=14 insize=2783 outsize=4969 ok=1
Cmd: translateComputeKernel
  api=14 insize=4901 outsize=8773 ok=1
Cmd: initializeCompiler
Cmd: initializeCompiler
Cmd: initializeCompiler
Cmd: initializeCompiler

Quitting shader compiler process
