Base path: /Applications/Unity/Hub/Editor/2018.1.3f1/Unity.app/Contents
Cmd: initializeCompiler
Cmd: compileComputeKernel
  api=14 insize=13402 outsize=75181 ok=1
Cmd: compileComputeKernel
  api=14 insize=13402 outsize=24461 ok=1
Cmd: compileComputeKernel
  api=14 insize=13402 outsize=34665 ok=1
Cmd: compileComputeKernel
  api=14 insize=13402 outsize=23869 ok=1
Cmd: compileComputeKernel
  api=14 insize=13402 outsize=31569 ok=1
Cmd: compileComputeKernel
  api=14 insize=13402 outsize=59545 ok=1
Cmd: compileComputeKernel
  api=14 insize=13402 outsize=52249 ok=1
Cmd: translateComputeKernel
  api=14 insize=22021 outsize=36353 ok=1
Cmd: translateComputeKernel
  api=14 insize=49597 outsize=98785 ok=1
Cmd: translateComputeKernel
  api=14 insize=24337 outsize=40625 ok=1
Cmd: translateComputeKernel
  api=14 insize=52257 outsize=103377 ok=1
Cmd: translateComputeKernel
  api=14 insize=24245 outsize=40481 ok=1
Cmd: translateComputeKernel
  api=14 insize=51925 outsize=102749 ok=1
Cmd: translateComputeKernel
  api=14 insize=59717 outsize=119345 ok=1
Cmd: translateComputeKernel
  api=14 insize=26769 outsize=46581 ok=1
Cmd: translateComputeKernel
  api=14 insize=34369 outsize=63449 ok=1
Cmd: compileComputeKernel
  api=14 insize=19973 outsize=18057 ok=1
Cmd: translateComputeKernel
  api=14 insize=1257 outsize=685 ok=1
Cmd: translateComputeKernel
  api=14 insize=10513 outsize=18373 ok=1
Cmd: translateComputeKernel
  api=14 insize=5741 outsize=8325 ok=1
Cmd: compileComputeKernel
  api=14 insize=9421 outsize=9477 ok=1
Cmd: translateComputeKernel
  api=14 insize=9573 outsize=16353 ok=1
Cmd: compileComputeKernel
  api=14 insize=16785 outsize=16829 ok=1
Cmd: translateComputeKernel
  api=14 insize=22621 outsize=50485 ok=1
Cmd: compileComputeKernel
  api=14 insize=30861 outsize=481 ok=1
Cmd: compileComputeKernel
  api=14 insize=1505 outsize=1177 ok=1
Cmd: compileComputeKernel
  api=14 insize=15322 outsize=5753 ok=1
Cmd: compileComputeKernel
  api=14 insize=15322 outsize=6353 ok=1
Cmd: compileComputeKernel
  api=14 insize=15322 outsize=8133 ok=1
Cmd: compileComputeKernel
  api=14 insize=15322 outsize=7973 ok=1
Cmd: compileComputeKernel
  api=14 insize=15322 outsize=10397 ok=1
Cmd: compileComputeKernel
  api=14 insize=15322 outsize=8501 ok=1
Cmd: compileComputeKernel
  api=14 insize=15322 outsize=10225 ok=1
Cmd: compileComputeKernel
  api=14 insize=15322 outsize=10429 ok=1
Cmd: translateComputeKernel
  api=14 insize=7609 outsize=13941 ok=1
Cmd: translateComputeKernel
  api=14 insize=8173 outsize=14653 ok=1
Cmd: translateComputeKernel
  api=14 insize=10449 outsize=19221 ok=1
Cmd: translateComputeKernel
  api=14 insize=10693 outsize=20117 ok=1
Cmd: translateComputeKernel
  api=14 insize=7845 outsize=14313 ok=1
Cmd: translateComputeKernel
  api=14 insize=8749 outsize=16133 ok=1
Cmd: translateComputeKernel
  api=14 insize=8993 outsize=17173 ok=1
Cmd: translateComputeKernel
  api=14 insize=11489 outsize=22305 ok=1
Cmd: translateComputeKernel
  api=14 insize=18809 outsize=35113 ok=1
Cmd: initializeCompiler
Cmd: initializeCompiler
Cmd: initializeCompiler
Cmd: initializeCompiler

Quitting shader compiler process
