Base path: /Applications/Unity/Hub/Editor/2018.1.3f1/Unity.app/Contents
Cmd: initializeCompiler
Cmd: compileComputeKernel
  api=14 insize=13402 outsize=96437 ok=1
Cmd: compileComputeKernel
  api=14 insize=13402 outsize=35585 ok=1
Cmd: compileComputeKernel
  api=14 insize=13402 outsize=26205 ok=1
Cmd: compileComputeKernel
  api=14 insize=13402 outsize=60217 ok=1
Cmd: translateComputeKernel
  api=14 insize=23645 outsize=40221 ok=1
Cmd: translateComputeKernel
  api=14 insize=31249 outsize=56841 ok=1
Cmd: translateComputeKernel
  api=14 insize=25177 outsize=42937 ok=1
Cmd: translateComputeKernel
  api=14 insize=58845 outsize=117461 ok=1
Cmd: translateComputeKernel
  api=14 insize=59965 outsize=119773 ok=1
Cmd: translateComputeKernel
  api=14 insize=25849 outsize=44533 ok=1
Cmd: translateComputeKernel
  api=14 insize=27117 outsize=47417 ok=1
Cmd: translateComputeKernel
  api=14 insize=36057 outsize=67753 ok=1
Cmd: translateComputeKernel
  api=14 insize=42033 outsize=80125 ok=1
Cmd: translateComputeKernel
  api=14 insize=24917 outsize=42017 ok=1
Cmd: translateComputeKernel
  api=14 insize=77777 outsize=167709 ok=1
Cmd: translateComputeKernel
  api=14 insize=17773 outsize=34781 ok=1
Cmd: translateComputeKernel
  api=14 insize=2125 outsize=3945 ok=1
Cmd: translateComputeKernel
  api=14 insize=10669 outsize=18673 ok=1
Cmd: translateComputeKernel
  api=14 insize=9881 outsize=16765 ok=1
Cmd: compileComputeKernel
  api=14 insize=16785 outsize=16213 ok=1
Cmd: translateComputeKernel
  api=14 insize=489 outsize=297 ok=1
Cmd: translateComputeKernel
  api=14 insize=3393 outsize=6377 ok=1
Cmd: compileComputeKernel
  api=14 insize=1697 outsize=1445 ok=1
Cmd: translateComputeKernel
  api=14 insize=1445 outsize=2217 ok=1
Cmd: compileComputeKernel
  api=14 insize=15322 outsize=6761 ok=1
Cmd: compileComputeKernel
  api=14 insize=15322 outsize=7361 ok=1
Cmd: compileComputeKernel
  api=14 insize=15322 outsize=9209 ok=1
Cmd: compileComputeKernel
  api=14 insize=15322 outsize=9941 ok=1
Cmd: compileComputeKernel
  api=14 insize=15322 outsize=7421 ok=1
Cmd: compileComputeKernel
  api=14 insize=15322 outsize=9197 ok=1
Cmd: compileComputeKernel
  api=14 insize=15322 outsize=11209 ok=1
Cmd: compileComputeKernel
  api=14 insize=15322 outsize=12089 ok=1
Cmd: translateComputeKernel
  api=14 insize=5445 outsize=9577 ok=1
Cmd: translateComputeKernel
  api=14 insize=6009 outsize=10321 ok=1
Cmd: translateComputeKernel
  api=14 insize=7805 outsize=13873 ok=1
Cmd: translateComputeKernel
  api=14 insize=7521 outsize=13793 ok=1
Cmd: translateComputeKernel
  api=14 insize=6897 outsize=12725 ok=1
Cmd: translateComputeKernel
  api=14 insize=8985 outsize=17001 ok=1
Cmd: translateComputeKernel
  api=14 insize=9549 outsize=17789 ok=1
Cmd: translateComputeKernel
  api=14 insize=11921 outsize=22389 ok=1
Cmd: compileComputeKernel
  api=14 insize=6056 outsize=17545 ok=1
Cmd: initializeCompiler
Cmd: initializeCompiler
Cmd: initializeCompiler
Cmd: initializeCompiler

Quitting shader compiler process
