Base path: /Applications/Unity/Hub/Editor/2018.1.3f1/Unity.app/Contents
Cmd: initializeCompiler
Cmd: compileComputeKernel
  error: 2 plat 14 at (0): failed to open source file: 'CoreRP/ShaderLibrary/Common.hlsl'
  error: 2 plat 14 at ../../Debug/DebugDisplay.hlsl(0): failed to open source file: 'CoreRP/ShaderLibrary/Debug.hlsl'
  error: 2 plat 14 at ../../Lighting/Lighting.hlsl(0): failed to open source file: 'CoreRP/ShaderLibrary/AreaLighting.hlsl'
  error: 2 plat 14 at ../../Lighting/Lighting.hlsl(0): failed to open source file: 'CoreRP/ShaderLibrary/CommonLighting.hlsl'
  error: 2 plat 14 at ../../Lighting/Lighting.hlsl(0): failed to open source file: 'CoreRP/ShaderLibrary/CommonShadow.hlsl'
  error: 2 plat 14 at ../../Lighting/Lighting.hlsl(0): failed to open source file: 'CoreRP/ShaderLibrary/ImageBasedLighting.hlsl'
  error: 2 plat 14 at ../../Lighting/Lighting.hlsl(0): failed to open source file: 'CoreRP/ShaderLibrary/Sampling/Sampling.hlsl'
  error: 2 plat 14 at ../../ShaderVariables.hlsl(0): failed to open source file: 'CoreRP/ShaderLibrary/UnityInstancing.hlsl'
  error: 2 plat 14 at ../Lighting/LightLoop/LightLoop.hlsl(0): failed to open source file: 'CoreRP/ShaderLibrary/Macros.hlsl'
  error: 2 plat 14 at ../Material/Material.hlsl(0): failed to open source file: 'CoreRP/ShaderLibrary/BSDF.hlsl'
  error: 2 plat 14 at ../Material/Material.hlsl(0): failed to open source file: 'CoreRP/ShaderLibrary/Color.hlsl'
  error: 2 plat 14 at ../Material/Material.hlsl(0): failed to open source file: 'CoreRP/ShaderLibrary/CommonMaterial.hlsl'
  error: 2 plat 14 at ../Material/Material.hlsl(0): failed to open source file: 'CoreRP/ShaderLibrary/Debug.hlsl'
  error: 2 plat 14 at ../Material/Material.hlsl(0): failed to open source file: 'CoreRP/ShaderLibrary/EntityLighting.hlsl'
  error: 2 plat 14 at ../Material/Material.hlsl(0): failed to open source file: 'CoreRP/ShaderLibrary/GeometricTools.hlsl'
  error: 2 plat 14 at ../Material/Material.hlsl(0): failed to open source file: 'CoreRP/ShaderLibrary/ImageBasedLighting.hlsl'
  error: 2 plat 14 at ../Material/Material.hlsl(0): failed to open source file: 'CoreRP/ShaderLibrary/Packing.hlsl'
  error: 2 plat 14 at ../NormalBuffer.hlsl(0): failed to open source file: 'CoreRP/ShaderLibrary/CommonMaterial.hlsl'
  error: 2 plat 14 at ../NormalBuffer.hlsl(0): failed to open source file: 'CoreRP/ShaderLibrary/Packing.hlsl'
  error: 2 plat 14 at ../Sky/AtmosphericScattering/AtmosphericScattering.hlsl(0): failed to open source file: 'CoreRP/ShaderLibrary/Filtering.hlsl'
  error: 2 plat 14 at ../Sky/AtmosphericScattering/AtmosphericScattering.hlsl(0): failed to open source file: 'CoreRP/ShaderLibrary/VolumeRendering.hlsl'
  error: 2 plat 14 at ../SubsurfaceScattering/SubsurfaceScattering.hlsl(0): failed to open source file: 'CoreRP/ShaderLibrary/Packing.hlsl'
  error: 2 plat 14 at Lit/Lit.hlsl(0): failed to open source file: 'CoreRP/ShaderLibrary/VolumeRendering.hlsl'
  error: 2 plat 14 at Lit/Lit.hlsl(0): failed to open source file: 'HDRP/Lighting/LightDefinition.cs.hlsl'
  error: 2 plat 14 at Lit/Lit.hlsl(0): failed to open source file: 'HDRP/Lighting/Reflection/ScreenSpaceTracing.hlsl'
  error: 2 plat 14 at Lit/Lit.hlsl(0): failed to open source file: 'HDRP/Lighting/Reflection/VolumeProjection.hlsl'
  error: 2 plat 14 at ShadowContext.hlsl(0): failed to open source file: 'CoreRP/ShaderLibrary/Shadow/Shadow.hlsl'
  api=14 insize=13247 outsize=0 ok=0
Cmd: compileComputeKernel
  error: 2 plat 14 at (0): failed to open source file: 'CoreRP/ShaderLibrary/Common.hlsl'
  error: 2 plat 14 at ../../Debug/DebugDisplay.hlsl(0): failed to open source file: 'CoreRP/ShaderLibrary/Debug.hlsl'
  error: 2 plat 14 at ../../Lighting/Lighting.hlsl(0): failed to open source file: 'CoreRP/ShaderLibrary/AreaLighting.hlsl'
  error: 2 plat 14 at ../../Lighting/Lighting.hlsl(0): failed to open source file: 'CoreRP/ShaderLibrary/CommonLighting.hlsl'
  error: 2 plat 14 at ../../Lighting/Lighting.hlsl(0): failed to open source file: 'CoreRP/ShaderLibrary/CommonShadow.hlsl'
  error: 2 plat 14 at ../../Lighting/Lighting.hlsl(0): failed to open source file: 'CoreRP/ShaderLibrary/ImageBasedLighting.hlsl'
  error: 2 plat 14 at ../../Lighting/Lighting.hlsl(0): failed to open source file: 'CoreRP/ShaderLibrary/Sampling/Sampling.hlsl'
  error: 2 plat 14 at ../../ShaderVariables.hlsl(0): failed to open source file: 'CoreRP/ShaderLibrary/UnityInstancing.hlsl'
  error: 2 plat 14 at ../Lighting/LightLoop/LightLoop.hlsl(0): failed to open source file: 'CoreRP/ShaderLibrary/Macros.hlsl'
  error: 2 plat 14 at ../Material/Material.hlsl(0): failed to open source file: 'CoreRP/ShaderLibrary/BSDF.hlsl'
  error: 2 plat 14 at ../Material/Material.hlsl(0): failed to open source file: 'CoreRP/ShaderLibrary/Color.hlsl'
  error: 2 plat 14 at ../Material/Material.hlsl(0): failed to open source file: 'CoreRP/ShaderLibrary/CommonMaterial.hlsl'
  error: 2 plat 14 at ../Material/Material.hlsl(0): failed to open source file: 'CoreRP/ShaderLibrary/Debug.hlsl'
  error: 2 plat 14 at ../Material/Material.hlsl(0): failed to open source file: 'CoreRP/ShaderLibrary/EntityLighting.hlsl'
  error: 2 plat 14 at ../Material/Material.hlsl(0): failed to open source file: 'CoreRP/ShaderLibrary/GeometricTools.hlsl'
  error: 2 plat 14 at ../Material/Material.hlsl(0): failed to open source file: 'CoreRP/ShaderLibrary/ImageBasedLighting.hlsl'
  error: 2 plat 14 at ../Material/Material.hlsl(0): failed to open source file: 'CoreRP/ShaderLibrary/Packing.hlsl'
  error: 2 plat 14 at ../NormalBuffer.hlsl(0): failed to open source file: 'CoreRP/ShaderLibrary/CommonMaterial.hlsl'
  error: 2 plat 14 at ../NormalBuffer.hlsl(0): failed to open source file: 'CoreRP/ShaderLibrary/Packing.hlsl'
  error: 2 plat 14 at ../Sky/AtmosphericScattering/AtmosphericScattering.hlsl(0): failed to open source file: 'CoreRP/ShaderLibrary/Filtering.hlsl'
  error: 2 plat 14 at ../Sky/AtmosphericScattering/AtmosphericScattering.hlsl(0): failed to open source file: 'CoreRP/ShaderLibrary/VolumeRendering.hlsl'
  error: 2 plat 14 at ../SubsurfaceScattering/SubsurfaceScattering.hlsl(0): failed to open source file: 'CoreRP/ShaderLibrary/Packing.hlsl'
  error: 2 plat 14 at Lit/Lit.hlsl(0): failed to open source file: 'CoreRP/ShaderLibrary/VolumeRendering.hlsl'
  error: 2 plat 14 at Lit/Lit.hlsl(0): failed to open source file: 'HDRP/Lighting/LightDefinition.cs.hlsl'
  error: 2 plat 14 at Lit/Lit.hlsl(0): failed to open source file: 'HDRP/Lighting/Reflection/ScreenSpaceTracing.hlsl'
  error: 2 plat 14 at Lit/Lit.hlsl(0): failed to open source file: 'HDRP/Lighting/Reflection/VolumeProjection.hlsl'
  error: 2 plat 14 at ShadowContext.hlsl(0): failed to open source file: 'CoreRP/ShaderLibrary/Shadow/Shadow.hlsl'
  api=14 insize=13247 outsize=0 ok=0
Cmd: compileComputeKernel
  error: 2 plat 14 at (0): failed to open source file: 'CoreRP/ShaderLibrary/Common.hlsl'
  error: 2 plat 14 at ../../Debug/DebugDisplay.hlsl(0): failed to open source file: 'CoreRP/ShaderLibrary/Debug.hlsl'
  error: 2 plat 14 at ../../Lighting/Lighting.hlsl(0): failed to open source file: 'CoreRP/ShaderLibrary/AreaLighting.hlsl'
  error: 2 plat 14 at ../../Lighting/Lighting.hlsl(0): failed to open source file: 'CoreRP/ShaderLibrary/CommonLighting.hlsl'
  error: 2 plat 14 at ../../Lighting/Lighting.hlsl(0): failed to open source file: 'CoreRP/ShaderLibrary/CommonShadow.hlsl'
  error: 2 plat 14 at ../../Lighting/Lighting.hlsl(0): failed to open source file: 'CoreRP/ShaderLibrary/ImageBasedLighting.hlsl'
  error: 2 plat 14 at ../../Lighting/Lighting.hlsl(0): failed to open source file: 'CoreRP/ShaderLibrary/Sampling/Sampling.hlsl'
  error: 2 plat 14 at ../../ShaderVariables.hlsl(0): failed to open source file: 'CoreRP/ShaderLibrary/UnityInstancing.hlsl'
  error: 2 plat 14 at ../Lighting/LightLoop/LightLoop.hlsl(0): failed to open source file: 'CoreRP/ShaderLibrary/Macros.hlsl'
  error: 2 plat 14 at ../Material/Material.hlsl(0): failed to open source file: 'CoreRP/ShaderLibrary/BSDF.hlsl'
  error: 2 plat 14 at ../Material/Material.hlsl(0): failed to open source file: 'CoreRP/ShaderLibrary/Color.hlsl'
  error: 2 plat 14 at ../Material/Material.hlsl(0): failed to open source file: 'CoreRP/ShaderLibrary/CommonMaterial.hlsl'
  error: 2 plat 14 at ../Material/Material.hlsl(0): failed to open source file: 'CoreRP/ShaderLibrary/Debug.hlsl'
  error: 2 plat 14 at ../Material/Material.hlsl(0): failed to open source file: 'CoreRP/ShaderLibrary/EntityLighting.hlsl'
  error: 2 plat 14 at ../Material/Material.hlsl(0): failed to open source file: 'CoreRP/ShaderLibrary/GeometricTools.hlsl'
  error: 2 plat 14 at ../Material/Material.hlsl(0): failed to open source file: 'CoreRP/ShaderLibrary/ImageBasedLighting.hlsl'
  error: 2 plat 14 at ../Material/Material.hlsl(0): failed to open source file: 'CoreRP/ShaderLibrary/Packing.hlsl'
  error: 2 plat 14 at ../NormalBuffer.hlsl(0): failed to open source file: 'CoreRP/ShaderLibrary/CommonMaterial.hlsl'
  error: 2 plat 14 at ../NormalBuffer.hlsl(0): failed to open source file: 'CoreRP/ShaderLibrary/Packing.hlsl'
  error: 2 plat 14 at ../Sky/AtmosphericScattering/AtmosphericScattering.hlsl(0): failed to open source file: 'CoreRP/ShaderLibrary/Filtering.hlsl'
  error: 2 plat 14 at ../Sky/AtmosphericScattering/AtmosphericScattering.hlsl(0): failed to open source file: 'CoreRP/ShaderLibrary/VolumeRendering.hlsl'
  error: 2 plat 14 at ../SubsurfaceScattering/SubsurfaceScattering.hlsl(0): failed to open source file: 'CoreRP/ShaderLibrary/Packing.hlsl'
  error: 2 plat 14 at Lit/Lit.hlsl(0): failed to open source file: 'CoreRP/ShaderLibrary/VolumeRendering.hlsl'
  error: 2 plat 14 at Lit/Lit.hlsl(0): failed to open source file: 'HDRP/Lighting/LightDefinition.cs.hlsl'
  error: 2 plat 14 at Lit/Lit.hlsl(0): failed to open source file: 'HDRP/Lighting/Reflection/ScreenSpaceTracing.hlsl'
  error: 2 plat 14 at Lit/Lit.hlsl(0): failed to open source file: 'HDRP/Lighting/Reflection/VolumeProjection.hlsl'
  error: 2 plat 14 at ShadowContext.hlsl(0): failed to open source file: 'CoreRP/ShaderLibrary/Shadow/Shadow.hlsl'
  api=14 insize=13247 outsize=0 ok=0
Cmd: compileComputeKernel
  error: 2 plat 14 at (0): failed to open source file: 'CoreRP/ShaderLibrary/Common.hlsl'
  error: 2 plat 14 at ../../Debug/DebugDisplay.hlsl(0): failed to open source file: 'CoreRP/ShaderLibrary/Debug.hlsl'
  error: 2 plat 14 at ../../Lighting/Lighting.hlsl(0): failed to open source file: 'CoreRP/ShaderLibrary/AreaLighting.hlsl'
  error: 2 plat 14 at ../../Lighting/Lighting.hlsl(0): failed to open source file: 'CoreRP/ShaderLibrary/CommonLighting.hlsl'
  error: 2 plat 14 at ../../Lighting/Lighting.hlsl(0): failed to open source file: 'CoreRP/ShaderLibrary/CommonShadow.hlsl'
  error: 2 plat 14 at ../../Lighting/Lighting.hlsl(0): failed to open source file: 'CoreRP/ShaderLibrary/ImageBasedLighting.hlsl'
  error: 2 plat 14 at ../../Lighting/Lighting.hlsl(0): failed to open source file: 'CoreRP/ShaderLibrary/Sampling/Sampling.hlsl'
  error: 2 plat 14 at ../../ShaderVariables.hlsl(0): failed to open source file: 'CoreRP/ShaderLibrary/UnityInstancing.hlsl'
  error: 2 plat 14 at ../Lighting/LightLoop/LightLoop.hlsl(0): failed to open source file: 'CoreRP/ShaderLibrary/Macros.hlsl'
  error: 2 plat 14 at ../Material/Material.hlsl(0): failed to open source file: 'CoreRP/ShaderLibrary/BSDF.hlsl'
  error: 2 plat 14 at ../Material/Material.hlsl(0): failed to open source file: 'CoreRP/ShaderLibrary/Color.hlsl'
  error: 2 plat 14 at ../Material/Material.hlsl(0): failed to open source file: 'CoreRP/ShaderLibrary/CommonMaterial.hlsl'
  error: 2 plat 14 at ../Material/Material.hlsl(0): failed to open source file: 'CoreRP/ShaderLibrary/Debug.hlsl'
  error: 2 plat 14 at ../Material/Material.hlsl(0): failed to open source file: 'CoreRP/ShaderLibrary/EntityLighting.hlsl'
  error: 2 plat 14 at ../Material/Material.hlsl(0): failed to open source file: 'CoreRP/ShaderLibrary/GeometricTools.hlsl'
  error: 2 plat 14 at ../Material/Material.hlsl(0): failed to open source file: 'CoreRP/ShaderLibrary/ImageBasedLighting.hlsl'
  error: 2 plat 14 at ../Material/Material.hlsl(0): failed to open source file: 'CoreRP/ShaderLibrary/Packing.hlsl'
  error: 2 plat 14 at ../NormalBuffer.hlsl(0): failed to open source file: 'CoreRP/ShaderLibrary/CommonMaterial.hlsl'
  error: 2 plat 14 at ../NormalBuffer.hlsl(0): failed to open source file: 'CoreRP/ShaderLibrary/Packing.hlsl'
  error: 2 plat 14 at ../Sky/AtmosphericScattering/AtmosphericScattering.hlsl(0): failed to open source file: 'CoreRP/ShaderLibrary/Filtering.hlsl'
  error: 2 plat 14 at ../Sky/AtmosphericScattering/AtmosphericScattering.hlsl(0): failed to open source file: 'CoreRP/ShaderLibrary/VolumeRendering.hlsl'
  error: 2 plat 14 at ../SubsurfaceScattering/SubsurfaceScattering.hlsl(0): failed to open source file: 'CoreRP/ShaderLibrary/Packing.hlsl'
  error: 2 plat 14 at Lit/Lit.hlsl(0): failed to open source file: 'CoreRP/ShaderLibrary/VolumeRendering.hlsl'
  error: 2 plat 14 at Lit/Lit.hlsl(0): failed to open source file: 'HDRP/Lighting/LightDefinition.cs.hlsl'
  error: 2 plat 14 at Lit/Lit.hlsl(0): failed to open source file: 'HDRP/Lighting/Reflection/ScreenSpaceTracing.hlsl'
  error: 2 plat 14 at Lit/Lit.hlsl(0): failed to open source file: 'HDRP/Lighting/Reflection/VolumeProjection.hlsl'
  error: 2 plat 14 at ShadowContext.hlsl(0): failed to open source file: 'CoreRP/ShaderLibrary/Shadow/Shadow.hlsl'
  api=14 insize=13247 outsize=0 ok=0
Cmd: compileComputeKernel
  error: 2 plat 14 at (0): failed to open source file: 'CoreRP/ShaderLibrary/Common.hlsl'
  error: 2 plat 14 at ../../Debug/DebugDisplay.hlsl(0): failed to open source file: 'CoreRP/ShaderLibrary/Debug.hlsl'
  error: 2 plat 14 at ../../Lighting/Lighting.hlsl(0): failed to open source file: 'CoreRP/ShaderLibrary/AreaLighting.hlsl'
  error: 2 plat 14 at ../../Lighting/Lighting.hlsl(0): failed to open source file: 'CoreRP/ShaderLibrary/CommonLighting.hlsl'
  error: 2 plat 14 at ../../Lighting/Lighting.hlsl(0): failed to open source file: 'CoreRP/ShaderLibrary/CommonShadow.hlsl'
  error: 2 plat 14 at ../../Lighting/Lighting.hlsl(0): failed to open source file: 'CoreRP/ShaderLibrary/ImageBasedLighting.hlsl'
  error: 2 plat 14 at ../../Lighting/Lighting.hlsl(0): failed to open source file: 'CoreRP/ShaderLibrary/Sampling/Sampling.hlsl'
  error: 2 plat 14 at ../../ShaderVariables.hlsl(0): failed to open source file: 'CoreRP/ShaderLibrary/UnityInstancing.hlsl'
  error: 2 plat 14 at ../Lighting/LightLoop/LightLoop.hlsl(0): failed to open source file: 'CoreRP/ShaderLibrary/Macros.hlsl'
  error: 2 plat 14 at ../Material/Material.hlsl(0): failed to open source file: 'CoreRP/ShaderLibrary/BSDF.hlsl'
  error: 2 plat 14 at ../Material/Material.hlsl(0): failed to open source file: 'CoreRP/ShaderLibrary/Color.hlsl'
  error: 2 plat 14 at ../Material/Material.hlsl(0): failed to open source file: 'CoreRP/ShaderLibrary/CommonMaterial.hlsl'
  error: 2 plat 14 at ../Material/Material.hlsl(0): failed to open source file: 'CoreRP/ShaderLibrary/Debug.hlsl'
  error: 2 plat 14 at ../Material/Material.hlsl(0): failed to open source file: 'CoreRP/ShaderLibrary/EntityLighting.hlsl'
  error: 2 plat 14 at ../Material/Material.hlsl(0): failed to open source file: 'CoreRP/ShaderLibrary/GeometricTools.hlsl'
  error: 2 plat 14 at ../Material/Material.hlsl(0): failed to open source file: 'CoreRP/ShaderLibrary/ImageBasedLighting.hlsl'
  error: 2 plat 14 at ../Material/Material.hlsl(0): failed to open source file: 'CoreRP/ShaderLibrary/Packing.hlsl'
  error: 2 plat 14 at ../NormalBuffer.hlsl(0): failed to open source file: 'CoreRP/ShaderLibrary/CommonMaterial.hlsl'
  error: 2 plat 14 at ../NormalBuffer.hlsl(0): failed to open source file: 'CoreRP/ShaderLibrary/Packing.hlsl'
  error: 2 plat 14 at ../Sky/AtmosphericScattering/AtmosphericScattering.hlsl(0): failed to open source file: 'CoreRP/ShaderLibrary/Filtering.hlsl'
  error: 2 plat 14 at ../Sky/AtmosphericScattering/AtmosphericScattering.hlsl(0): failed to open source file: 'CoreRP/ShaderLibrary/VolumeRendering.hlsl'
  error: 2 plat 14 at ../SubsurfaceScattering/SubsurfaceScattering.hlsl(0): failed to open source file: 'CoreRP/ShaderLibrary/Packing.hlsl'
  error: 2 plat 14 at Lit/Lit.hlsl(0): failed to open source file: 'CoreRP/ShaderLibrary/VolumeRendering.hlsl'
  error: 2 plat 14 at Lit/Lit.hlsl(0): failed to open source file: 'HDRP/Lighting/LightDefinition.cs.hlsl'
  error: 2 plat 14 at Lit/Lit.hlsl(0): failed to open source file: 'HDRP/Lighting/Reflection/ScreenSpaceTracing.hlsl'
  error: 2 plat 14 at Lit/Lit.hlsl(0): failed to open source file: 'HDRP/Lighting/Reflection/VolumeProjection.hlsl'
  error: 2 plat 14 at ShadowContext.hlsl(0): failed to open source file: 'CoreRP/ShaderLibrary/Shadow/Shadow.hlsl'
  api=14 insize=13247 outsize=0 ok=0
Cmd: compileComputeKernel
  error: 2 plat 14 at (0): failed to open source file: 'CoreRP/ShaderLibrary/Common.hlsl'
  error: 2 plat 14 at ../../Debug/DebugDisplay.hlsl(0): failed to open source file: 'CoreRP/ShaderLibrary/Debug.hlsl'
  error: 2 plat 14 at ../../Lighting/Lighting.hlsl(0): failed to open source file: 'CoreRP/ShaderLibrary/AreaLighting.hlsl'
  error: 2 plat 14 at ../../Lighting/Lighting.hlsl(0): failed to open source file: 'CoreRP/ShaderLibrary/CommonLighting.hlsl'
  error: 2 plat 14 at ../../Lighting/Lighting.hlsl(0): failed to open source file: 'CoreRP/ShaderLibrary/CommonShadow.hlsl'
  error: 2 plat 14 at ../../Lighting/Lighting.hlsl(0): failed to open source file: 'CoreRP/ShaderLibrary/ImageBasedLighting.hlsl'
  error: 2 plat 14 at ../../Lighting/Lighting.hlsl(0): failed to open source file: 'CoreRP/ShaderLibrary/Sampling/Sampling.hlsl'
  error: 2 plat 14 at ../../ShaderVariables.hlsl(0): failed to open source file: 'CoreRP/ShaderLibrary/UnityInstancing.hlsl'
  error: 2 plat 14 at ../Lighting/LightLoop/LightLoop.hlsl(0): failed to open source file: 'CoreRP/ShaderLibrary/Macros.hlsl'
  error: 2 plat 14 at ../Material/Material.hlsl(0): failed to open source file: 'CoreRP/ShaderLibrary/BSDF.hlsl'
  error: 2 plat 14 at ../Material/Material.hlsl(0): failed to open source file: 'CoreRP/ShaderLibrary/Color.hlsl'
  error: 2 plat 14 at ../Material/Material.hlsl(0): failed to open source file: 'CoreRP/ShaderLibrary/CommonMaterial.hlsl'
  error: 2 plat 14 at ../Material/Material.hlsl(0): failed to open source file: 'CoreRP/ShaderLibrary/Debug.hlsl'
  error: 2 plat 14 at ../Material/Material.hlsl(0): failed to open source file: 'CoreRP/ShaderLibrary/EntityLighting.hlsl'
  error: 2 plat 14 at ../Material/Material.hlsl(0): failed to open source file: 'CoreRP/ShaderLibrary/GeometricTools.hlsl'
  error: 2 plat 14 at ../Material/Material.hlsl(0): failed to open source file: 'CoreRP/ShaderLibrary/ImageBasedLighting.hlsl'
  error: 2 plat 14 at ../Material/Material.hlsl(0): failed to open source file: 'CoreRP/ShaderLibrary/Packing.hlsl'
  error: 2 plat 14 at ../NormalBuffer.hlsl(0): failed to open source file: 'CoreRP/ShaderLibrary/CommonMaterial.hlsl'
  error: 2 plat 14 at ../NormalBuffer.hlsl(0): failed to open source file: 'CoreRP/ShaderLibrary/Packing.hlsl'
  error: 2 plat 14 at ../Sky/AtmosphericScattering/AtmosphericScattering.hlsl(0): failed to open source file: 'CoreRP/ShaderLibrary/Filtering.hlsl'
  error: 2 plat 14 at ../Sky/AtmosphericScattering/AtmosphericScattering.hlsl(0): failed to open source file: 'CoreRP/ShaderLibrary/VolumeRendering.hlsl'
  error: 2 plat 14 at ../SubsurfaceScattering/SubsurfaceScattering.hlsl(0): failed to open source file: 'CoreRP/ShaderLibrary/Packing.hlsl'
  error: 2 plat 14 at Lit/Lit.hlsl(0): failed to open source file: 'CoreRP/ShaderLibrary/VolumeRendering.hlsl'
  error: 2 plat 14 at Lit/Lit.hlsl(0): failed to open source file: 'HDRP/Lighting/LightDefinition.cs.hlsl'
  error: 2 plat 14 at Lit/Lit.hlsl(0): failed to open source file: 'HDRP/Lighting/Reflection/ScreenSpaceTracing.hlsl'
  error: 2 plat 14 at Lit/Lit.hlsl(0): failed to open source file: 'HDRP/Lighting/Reflection/VolumeProjection.hlsl'
  error: 2 plat 14 at ShadowContext.hlsl(0): failed to open source file: 'CoreRP/ShaderLibrary/Shadow/Shadow.hlsl'
  api=14 insize=13247 outsize=0 ok=0
Cmd: compileComputeKernel
  error: 2 plat 14 at (0): failed to open source file: 'CoreRP/ShaderLibrary/Common.hlsl'
  api=14 insize=25381 outsize=0 ok=0
Cmd: compileComputeKernel
  error: 2 plat 14 at (0): failed to open source file: 'CoreRP/ShaderLibrary/Common.hlsl'
  error: 2 plat 14 at (0): failed to open source file: 'CoreRP/ShaderLibrary/Shadow/ShadowMoments.hlsl'
  api=14 insize=16784 outsize=0 ok=0
Cmd: compileComputeKernel
  error: 2 plat 14 at (0): failed to open source file: 'CoreRP/ShaderLibrary/Common.hlsl'
  error: 2 plat 14 at (0): failed to open source file: 'CoreRP/ShaderLibrary/Shadow/ShadowMoments.hlsl'
  api=14 insize=16784 outsize=0 ok=0
Cmd: compileComputeKernel
  error: 2 plat 14 at (0): failed to open source file: 'CoreRP/ShaderLibrary/Common.hlsl'
  error: 2 plat 14 at (0): failed to open source file: 'CoreRP/ShaderLibrary/Shadow/ShadowMoments.hlsl'
  api=14 insize=16784 outsize=0 ok=0
Cmd: compileComputeKernel
  error: 2 plat 14 at (0): failed to open source file: 'CoreRP/ShaderLibrary/Common.hlsl'
  error: 2 plat 14 at (0): failed to open source file: 'CoreRP/ShaderLibrary/Shadow/ShadowMoments.hlsl'
  api=14 insize=16784 outsize=0 ok=0
Cmd: compileComputeKernel
  error: 2 plat 14 at (0): failed to open source file: 'CoreRP/ShaderLibrary/Common.hlsl'
  error: 2 plat 14 at (0): failed to open source file: 'CoreRP/ShaderLibrary/Shadow/ShadowMoments.hlsl'
  api=14 insize=16784 outsize=0 ok=0
Cmd: compileComputeKernel
  error: 2 plat 14 at (0): failed to open source file: 'CoreRP/ShaderLibrary/Common.hlsl'
  error: 2 plat 14 at (0): failed to open source file: 'CoreRP/ShaderLibrary/Shadow/ShadowMoments.hlsl'
  api=14 insize=16784 outsize=0 ok=0
Cmd: compileComputeKernel
  error: 2 plat 14 at (0): failed to open source file: 'CoreRP/ShaderLibrary/Common.hlsl'
  error: 2 plat 14 at (0): failed to open source file: 'CoreRP/ShaderLibrary/Shadow/ShadowMoments.hlsl'
  api=14 insize=16784 outsize=0 ok=0
Cmd: compileComputeKernel
  error: 2 plat 14 at (0): failed to open source file: 'CoreRP/ShaderLibrary/Common.hlsl'
  error: 2 plat 14 at (0): failed to open source file: 'CoreRP/ShaderLibrary/Shadow/ShadowMoments.hlsl'
  api=14 insize=16784 outsize=0 ok=0

Quitting shader compiler process
